[2023-01-28 23:18:48.246]	INFO	C:/Users/Lenovo/Desktop/tiktok/boot/logger.go:86	initialize logger successfully!
[2023-01-28 23:18:54.551]	FATAL	C:/Users/Lenovo/Desktop/tiktok/boot/database.go:18	initialize mysql db failed, err: Error 1049 (42000): Unknown database 'oj'
[2023-01-28 23:19:55.419]	INFO	C:/Users/Lenovo/Desktop/tiktok/boot/logger.go:86	initialize logger successfully!
[2023-01-28 23:19:55.567]	INFO	C:/Users/Lenovo/Desktop/tiktok/boot/database.go:52	initialize verify redis client successfully
[2023-01-28 23:19:55.567]	INFO	C:/Users/Lenovo/Desktop/tiktok/app/route/route.go:32	initialize routers successfully
[2023-01-28 23:22:38.610]	INFO	C:/Users/Lenovo/Desktop/tiktok/boot/service.go:14	server running on :8090 ...
[2023-01-28 23:22:42.598]	INFO	C:/Users/Lenovo/Desktop/tiktok/boot/logger.go:86	initialize logger successfully!
[2023-01-28 23:22:42.742]	INFO	C:/Users/Lenovo/Desktop/tiktok/boot/database.go:52	initialize verify redis client successfully
[2023-01-28 23:22:42.743]	INFO	C:/Users/Lenovo/Desktop/tiktok/app/route/route.go:32	initialize routers successfully
[2023-01-28 23:27:12.247]	INFO	C:/Users/Lenovo/Desktop/tiktok/boot/service.go:14	server running on :8080 ...
[2023-01-28 23:27:18.266]	INFO	C:/Users/Lenovo/Desktop/tiktok/boot/logger.go:86	initialize logger successfully!
[2023-01-28 23:27:18.437]	INFO	C:/Users/Lenovo/Desktop/tiktok/boot/database.go:52	initialize verify redis client successfully
[2023-01-28 23:27:18.438]	INFO	C:/Users/Lenovo/Desktop/tiktok/app/route/route.go:32	initialize routers successfully
[2023-01-29 00:20:49.322]	INFO	C:/Users/Lenovo/Desktop/tiktok/boot/service.go:14	server running on :8080 ...
[2023-01-29 00:20:54.257]	INFO	C:/Users/Lenovo/Desktop/tiktok/boot/logger.go:86	initialize logger successfully!
[2023-01-29 00:21:00.587]	FATAL	C:/Users/Lenovo/Desktop/tiktok/boot/database.go:18	initialize mysql db failed, err: Error 1049 (42000): Unknown database 'oj'
[2023-01-29 00:23:13.497]	INFO	C:/Users/Lenovo/Desktop/tiktok/boot/logger.go:86	initialize logger successfully!
[2023-01-29 00:23:17.908]	INFO	C:/Users/Lenovo/Desktop/tiktok/boot/database.go:31	initialize mysql db successfully
[2023-01-29 00:23:18.028]	INFO	C:/Users/Lenovo/Desktop/tiktok/boot/database.go:52	initialize verify redis client successfully
[2023-01-29 00:23:18.029]	INFO	C:/Users/Lenovo/Desktop/tiktok/app/router/init.go:28	initialize routers successfully
[2023-01-29 00:25:35.681]	INFO	C:/Users/Lenovo/Desktop/tiktok/boot/service.go:29	server running on :8080 ...
[2023-01-29 00:48:16.079]	INFO	C:/Users/Lenovo/Desktop/qxy/tiktok/boot/logger.go:86	initialize logger successfully!
[2023-01-29 00:48:22.524]	INFO	C:/Users/Lenovo/Desktop/qxy/tiktok/boot/database.go:31	initialize mysql db successfully
[2023-01-29 00:48:22.646]	INFO	C:/Users/Lenovo/Desktop/qxy/tiktok/boot/database.go:52	initialize verify redis client successfully
[2023-01-29 00:48:22.649]	INFO	C:/Users/Lenovo/Desktop/qxy/tiktok/app/router/init.go:40	initialize routers successfully
[2023-01-29 00:50:33.560]	INFO	C:/Users/Lenovo/Desktop/qxy/tiktok/boot/service.go:29	server running on :8080 ...
[2023-01-29 10:46:50.411]	INFO	C:/Users/Lenovo/Desktop/qxy/dousheng/boot/logger.go:86	initialize logger successfully!
[2023-01-29 10:46:56.892]	INFO	C:/Users/Lenovo/Desktop/qxy/dousheng/boot/database.go:31	initialize mysql db successfully
[2023-01-29 10:46:57.015]	INFO	C:/Users/Lenovo/Desktop/qxy/dousheng/boot/database.go:52	initialize verify redis client successfully
[2023-01-29 10:46:57.016]	INFO	C:/Users/Lenovo/Desktop/qxy/dousheng/app/router/init.go:40	initialize routers successfully
[2023-01-29 11:01:11.268]	INFO	C:/Users/Lenovo/Desktop/qxy/dousheng/boot/service.go:29	server running on :8080 ...
[2023-01-29 11:01:17.100]	INFO	C:/Users/Lenovo/Desktop/qxy/dousheng/boot/logger.go:86	initialize logger successfully!
[2023-01-29 11:01:25.590]	INFO	C:/Users/Lenovo/Desktop/qxy/dousheng/boot/database.go:31	initialize mysql db successfully
[2023-01-29 11:01:25.711]	INFO	C:/Users/Lenovo/Desktop/qxy/dousheng/boot/database.go:52	initialize verify redis client successfully
[2023-01-29 11:01:25.713]	INFO	C:/Users/Lenovo/Desktop/qxy/dousheng/app/router/init.go:40	initialize routers successfully
[2023-01-29 11:02:04.799]	INFO	C:/Users/Lenovo/Desktop/qxy/dousheng/boot/service.go:29	server running on :8080 ...
[2023-01-29 11:02:09.924]	INFO	C:/Users/Lenovo/Desktop/qxy/dousheng/boot/logger.go:86	initialize logger successfully!
[2023-01-29 11:02:10.266]	INFO	C:/Users/Lenovo/Desktop/qxy/dousheng/boot/database.go:31	initialize mysql db successfully
[2023-01-29 11:02:10.385]	INFO	C:/Users/Lenovo/Desktop/qxy/dousheng/boot/database.go:52	initialize verify redis client successfully
[2023-01-29 11:02:10.387]	INFO	C:/Users/Lenovo/Desktop/qxy/dousheng/app/router/init.go:40	initialize routers successfully
[2023-01-29 11:02:52.148]	INFO	C:/Users/Lenovo/Desktop/qxy/dousheng/boot/service.go:29	server running on :8080 ...
[2023-01-29 11:02:56.544]	INFO	C:/Users/Lenovo/Desktop/qxy/dousheng/boot/logger.go:86	initialize logger successfully!
[2023-01-29 11:02:58.951]	INFO	C:/Users/Lenovo/Desktop/qxy/dousheng/boot/database.go:31	initialize mysql db successfully
[2023-01-29 11:02:59.071]	INFO	C:/Users/Lenovo/Desktop/qxy/dousheng/boot/database.go:52	initialize verify redis client successfully
[2023-01-29 11:02:59.073]	INFO	C:/Users/Lenovo/Desktop/qxy/dousheng/app/router/init.go:40	initialize routers successfully
